# hmmsearch :: search profile(s) against a sequence database
# HMMER 3.2.1 (June 2018); http://hmmer.org/
# Copyright (C) 2018 Howard Hughes Medical Institute.
# Freely distributed under the BSD open source license.
# - - - - - - - - - - - - - - - - - - - - - - - - - - - - - - - - - - - -
# query HMM file:                  /home/dlund/plasmid_project/macsyfinder_models/TXSScan/profiles/Archaeal-T4P_arCOG05613.hmm
# target sequence database:        proteins.faa
# output directed to file:         tmp/hmmer_results/Archaeal-T4P_arCOG05613.search_hmm.out
# model-specific thresholding:     GA cutoffs
# number of worker threads:        1
# - - - - - - - - - - - - - - - - - - - - - - - - - - - - - - - - - - - -

Query:       arCOG05613  [M=230]
Scores for complete sequences (score includes all domains):
   --- full sequence ---   --- best 1 domain ---    -#dom-
    E-value  score  bias    E-value  score  bias    exp  N  Sequence      Description
    ------- ------ -----    ------- ------ -----   ---- --  --------      -----------
     0.0001   16.2  52.4    0.00083   13.3  20.8    2.7  0  AB366440.1_70  # 62567 # 63787 # 1 # ID=1_70;partial=00;start


Domain annotation for each sequence (and alignments):
>> AB366440.1_70  # 62567 # 63787 # 1 # ID=1_70;partial=00;start_type=ATG;rbs_motif=AGGA;rbs_spacer=5-10bp;gc_cont=0.474
   [No individual domains that satisfy reporting thresholds (although complete target did)]



Internal pipeline statistics summary:
-------------------------------------
Query model(s):                            1  (230 nodes)
Target sequences:                        234  (57690 residues searched)
Passed MSV filter:                         9  (0.0384615); expected 4.7 (0.02)
Passed bias filter:                        7  (0.0299145); expected 4.7 (0.02)
Passed Vit filter:                         2  (0.00854701); expected 0.2 (0.001)
Passed Fwd filter:                         1  (0.0042735); expected 0.0 (1e-05)
Initial search space (Z):                234  [actual number of targets]
Domain search space  (domZ):               1  [number of targets reported over threshold]
# CPU time: 0.00u 0.00s 00:00:00.00 Elapsed: 00:00:00.00
# Mc/sec: 2381.89
//
[ok]
