# hmmsearch :: search profile(s) against a sequence database
# HMMER 3.2.1 (June 2018); http://hmmer.org/
# Copyright (C) 2018 Howard Hughes Medical Institute.
# Freely distributed under the BSD open source license.
# - - - - - - - - - - - - - - - - - - - - - - - - - - - - - - - - - - - -
# query HMM file:                  /home/dlund/plasmid_project/macsyfinder_models/TXSScan/profiles/T4SS_I_traP.hmm
# target sequence database:        proteins.faa
# output directed to file:         tmp/hmmer_results/T4SS_I_traP.search_hmm.out
# model-specific thresholding:     GA cutoffs
# number of worker threads:        1
# - - - - - - - - - - - - - - - - - - - - - - - - - - - - - - - - - - - -

Query:       I_traP  [M=239]
Scores for complete sequences (score includes all domains):
   --- full sequence ---   --- best 1 domain ---    -#dom-
    E-value  score  bias    E-value  score  bias    exp  N  Sequence Description
    ------- ------ -----    ------- ------ -----   ---- --  -------- -----------

   [No hits detected that satisfy reporting thresholds]


Domain annotation for each sequence (and alignments):

   [No targets detected that satisfy reporting thresholds]


Internal pipeline statistics summary:
-------------------------------------
Query model(s):                            1  (239 nodes)
Target sequences:                        234  (57690 residues searched)
Passed MSV filter:                        19  (0.0811966); expected 4.7 (0.02)
Passed bias filter:                       12  (0.0512821); expected 4.7 (0.02)
Passed Vit filter:                         3  (0.0128205); expected 0.2 (0.001)
Passed Fwd filter:                         2  (0.00854701); expected 0.0 (1e-05)
Initial search space (Z):                234  [actual number of targets]
Domain search space  (domZ):               0  [number of targets reported over threshold]
# CPU time: 0.00u 0.00s 00:00:00.00 Elapsed: 00:00:00.00
# Mc/sec: 2483.54
//
[ok]
